<?xml version="1.0" encoding="UTF-8"?>
<!-- Generated by org.testng.reporters.JUnitReportReporter -->
<testsuite skipped="0" hostname="PC379978" name="org.cts.oneframework.sikuli.Tests" tests="2" failures="0" timestamp="18 Jun 2019 12:47:27 GMT" time="61.419" errors="0">
  <testcase name="verifyTicketBook" time="47.171" classname="org.cts.oneframework.sikuli.Tests"/>
  <testcase name="fileUpload" time="14.248" classname="org.cts.oneframework.sikuli.Tests"/>
</testsuite> <!-- org.cts.oneframework.sikuli.Tests -->
